# JRE version: OpenJDK Runtime Environment (8.0_202-b03) (build 1.8.0_202-release-1483-b03)
# Java VM: OpenJDK 64-Bit Server VM (25.202-b03 mixed mode windows-amd64 compressed oops)
Heap:
 PSYoungGen      total 495616K, used 267637K [0x00000000e0000000, 0x0000000100000000, 0x0000000100000000)
  eden space 467456K, 51% used [0x00000000e0000000,0x00000000ee9e3a10,0x00000000fc880000)
  from space 28160K, 99% used [0x00000000fc880000,0x00000000fe3f99f0,0x00000000fe400000)
  to   space 28672K, 0% used [0x00000000fe400000,0x00000000fe400000,0x0000000100000000)
 ParOldGen       total 213504K, used 140883K [0x00000000a0000000, 0x00000000ad080000, 0x00000000e0000000)
  object space 213504K, 65% used [0x00000000a0000000,0x00000000a8994dd8,0x00000000ad080000)
 Metaspace       used 102605K, capacity 109328K, committed 109400K, reserved 1144832K
  class space    used 12990K, capacity 14136K, committed 14208K, reserved 1048576K
GC Heap History (10 events):
Event: 12526.987 GC heap before
{Heap before GC invocations=57 (full 4):
 PSYoungGen      total 419840K, used 405276K [0x00000000e0000000, 0x00000000fb880000, 0x0000000100000000)
  eden space 392704K, 100% used [0x00000000e0000000,0x00000000f7f80000,0x00000000f7f80000)
  from space 27136K, 46% used [0x00000000f9e00000,0x00000000faa47398,0x00000000fb880000)
  to   space 29184K, 0% used [0x00000000f7f80000,0x00000000f7f80000,0x00000000f9c00000)
 ParOldGen       total 213504K, used 96154K [0x00000000a0000000, 0x00000000ad080000, 0x00000000e0000000)
  object space 213504K, 45% used [0x00000000a0000000,0x00000000a5de6ba8,0x00000000ad080000)
 Metaspace       used 101467K, capacity 107072K, committed 107352K, reserved 1142784K
  class space    used 12817K, capacity 13836K, committed 13952K, reserved 1048576K
Event: 12527.025 GC heap after
Heap after GC invocations=57 (full 4):
 PSYoungGen      total 421888K, used 6976K [0x00000000e0000000, 0x00000000fe380000, 0x0000000100000000)
  eden space 392704K, 0% used [0x00000000e0000000,0x00000000e0000000,0x00000000f7f80000)
  from space 29184K, 23% used [0x00000000f7f80000,0x00000000f8650010,0x00000000f9c00000)
  to   space 29184K, 0% used [0x00000000fc700000,0x00000000fc700000,0x00000000fe380000)
 ParOldGen       total 213504K, used 106579K [0x00000000a0000000, 0x00000000ad080000, 0x00000000e0000000)
  object space 213504K, 49% used [0x00000000a0000000,0x00000000a6814cd8,0x00000000ad080000)
 Metaspace       used 101467K, capacity 107072K, committed 107352K, reserved 1142784K
  class space    used 12817K, capacity 13836K, committed 13952K, reserved 1048576K
}
Event: 12528.440 GC heap before
{Heap before GC invocations=58 (full 4):
 PSYoungGen      total 421888K, used 399680K [0x00000000e0000000, 0x00000000fe380000, 0x0000000100000000)
  eden space 392704K, 100% used [0x00000000e0000000,0x00000000f7f80000,0x00000000f7f80000)
  from space 29184K, 23% used [0x00000000f7f80000,0x00000000f8650010,0x00000000f9c00000)
  to   space 29184K, 0% used [0x00000000fc700000,0x00000000fc700000,0x00000000fe380000)
 ParOldGen       total 213504K, used 106579K [0x00000000a0000000, 0x00000000ad080000, 0x00000000e0000000)
  object space 213504K, 49% used [0x00000000a0000000,0x00000000a6814cd8,0x00000000ad080000)
 Metaspace       used 101482K, capacity 107074K, committed 107352K, reserved 1142784K
  class space    used 12818K, capacity 13837K, committed 13952K, reserved 1048576K
Event: 12528.473 GC heap after
Heap after GC invocations=58 (full 4):
 PSYoungGen      total 463872K, used 8380K [0x00000000e0000000, 0x00000000fe200000, 0x0000000100000000)
  eden space 436224K, 0% used [0x00000000e0000000,0x00000000e0000000,0x00000000faa00000)
  from space 27648K, 30% used [0x00000000fc700000,0x00000000fcf2f138,0x00000000fe200000)
  to   space 28672K, 0% used [0x00000000faa00000,0x00000000faa00000,0x00000000fc600000)
 ParOldGen       total 213504K, used 113003K [0x00000000a0000000, 0x00000000ad080000, 0x00000000e0000000)
  object space 213504K, 52% used [0x00000000a0000000,0x00000000a6e5ad38,0x00000000ad080000)
 Metaspace       used 101482K, capacity 107074K, committed 107352K, reserved 1142784K
  class space    used 12818K, capacity 13837K, committed 13952K, reserved 1048576K
}
Event: 12530.265 GC heap before
{Heap before GC invocations=59 (full 4):
 PSYoungGen      total 463872K, used 444604K [0x00000000e0000000, 0x00000000fe200000, 0x0000000100000000)
  eden space 436224K, 100% used [0x00000000e0000000,0x00000000faa00000,0x00000000faa00000)
  from space 27648K, 30% used [0x00000000fc700000,0x00000000fcf2f138,0x00000000fe200000)
  to   space 28672K, 0% used [0x00000000faa00000,0x00000000faa00000,0x00000000fc600000)
 ParOldGen       total 213504K, used 113003K [0x00000000a0000000, 0x00000000ad080000, 0x00000000e0000000)
  object space 213504K, 52% used [0x00000000a0000000,0x00000000a6e5ad38,0x00000000ad080000)
 Metaspace       used 101563K, capacity 107142K, committed 107352K, reserved 1142784K
  class space    used 12821K, capacity 13837K, committed 13952K, reserved 1048576K
Event: 12530.299 GC heap after
Heap after GC invocations=59 (full 4):
 PSYoungGen      total 464896K, used 7564K [0x00000000e0000000, 0x0000000100000000, 0x0000000100000000)
  eden space 436224K, 0% used [0x00000000e0000000,0x00000000e0000000,0x00000000faa00000)
  from space 28672K, 26% used [0x00000000faa00000,0x00000000fb163180,0x00000000fc600000)
  to   space 28160K, 0% used [0x00000000fe480000,0x00000000fe480000,0x0000000100000000)
 ParOldGen       total 213504K, used 119908K [0x00000000a0000000, 0x00000000ad080000, 0x00000000e0000000)
  object space 213504K, 56% used [0x00000000a0000000,0x00000000a75191c0,0x00000000ad080000)
 Metaspace       used 101563K, capacity 107142K, committed 107352K, reserved 1142784K
  class space    used 12821K, capacity 13837K, committed 13952K, reserved 1048576K
}
Event: 12537.317 GC heap before
{Heap before GC invocations=60 (full 4):
 PSYoungGen      total 464896K, used 443788K [0x00000000e0000000, 0x0000000100000000, 0x0000000100000000)
  eden space 436224K, 100% used [0x00000000e0000000,0x00000000faa00000,0x00000000faa00000)
  from space 28672K, 26% used [0x00000000faa00000,0x00000000fb163180,0x00000000fc600000)
  to   space 28160K, 0% used [0x00000000fe480000,0x00000000fe480000,0x0000000100000000)
 ParOldGen       total 213504K, used 119908K [0x00000000a0000000, 0x00000000ad080000, 0x00000000e0000000)
  object space 213504K, 56% used [0x00000000a0000000,0x00000000a75191c0,0x00000000ad080000)
 Metaspace       used 101811K, capacity 107478K, committed 107608K, reserved 1142784K
  class space    used 12836K, capacity 13851K, committed 13952K, reserved 1048576K
Event: 12537.336 GC heap after
Heap after GC invocations=60 (full 4):
 PSYoungGen      total 495104K, used 4480K [0x00000000e0000000, 0x00000000fff80000, 0x0000000100000000)
  eden space 467456K, 0% used [0x00000000e0000000,0x00000000e0000000,0x00000000fc880000)
  from space 27648K, 16% used [0x00000000fe480000,0x00000000fe8e0020,0x00000000fff80000)
  to   space 28160K, 0% used [0x00000000fc880000,0x00000000fc880000,0x00000000fe400000)
 ParOldGen       total 213504K, used 124328K [0x00000000a0000000, 0x00000000ad080000, 0x00000000e0000000)
  object space 213504K, 58% used [0x00000000a0000000,0x00000000a796a200,0x00000000ad080000)
 Metaspace       used 101811K, capacity 107478K, committed 107608K, reserved 1142784K
  class space    used 12836K, capacity 13851K, committed 13952K, reserved 1048576K
}
Event: 12544.399 GC heap before
{Heap before GC invocations=61 (full 4):
 PSYoungGen      total 495104K, used 471936K [0x00000000e0000000, 0x00000000fff80000, 0x0000000100000000)
  eden space 467456K, 100% used [0x00000000e0000000,0x00000000fc880000,0x00000000fc880000)
  from space 27648K, 16% used [0x00000000fe480000,0x00000000fe8e0020,0x00000000fff80000)
  to   space 28160K, 0% used [0x00000000fc880000,0x00000000fc880000,0x00000000fe400000)
 ParOldGen       total 213504K, used 124328K [0x00000000a0000000, 0x00000000ad080000, 0x00000000e0000000)
  object space 213504K, 58% used [0x00000000a0000000,0x00000000a796a200,0x00000000ad080000)
 Metaspace       used 101882K, capacity 107672K, committed 107864K, reserved 1142784K
  class space    used 12842K, capacity 13862K, committed 13952K, reserved 1048576K
Event: 12544.506 GC heap after
Heap after GC invocations=61 (full 4):
 PSYoungGen      total 495616K, used 28134K [0x00000000e0000000, 0x0000000100000000, 0x0000000100000000)
  eden space 467456K, 0% used [0x00000000e0000000,0x00000000e0000000,0x00000000fc880000)
  from space 28160K, 99% used [0x00000000fc880000,0x00000000fe3f99f0,0x00000000fe400000)
  to   space 28672K, 0% used [0x00000000fe400000,0x00000000fe400000,0x0000000100000000)
 ParOldGen       total 213504K, used 140883K [0x00000000a0000000, 0x00000000ad080000, 0x00000000e0000000)
  object space 213504K, 65% used [0x00000000a0000000,0x00000000a8994dd8,0x00000000ad080000)
 Metaspace       used 101882K, capacity 107672K, committed 107864K, reserved 1142784K
  class space    used 12842K, capacity 13862K, committed 13952K, reserved 1048576K
}

